<?xml version="1.0" encoding="UTF-8"?>
<!-- Generated by org.testng.reporters.JUnitReportReporter -->
<testsuite hostname="TS1WLKP" failures="0" tests="6" name="lambdaTestAssignment_Final.ParallelExecution.ChromeAndSafari" time="237.920" errors="0" timestamp="2024-09-17T19:50:03 IST" skipped="0">
  <testcase classname="lambdaTestAssignment_Final.ParallelExecution.ChromeAndSafari" name="testScenario2" time="42.443"/>
  <system-out/>
  <testcase classname="lambdaTestAssignment_Final.ParallelExecution.ChromeAndSafari" name="testScenario2" time="17.316"/>
  <system-out/>
  <testcase classname="lambdaTestAssignment_Final.ParallelExecution.ChromeAndSafari" name="testScenario3" time="47.154"/>
  <system-out/>
  <testcase classname="lambdaTestAssignment_Final.ParallelExecution.ChromeAndSafari" name="testScenario1" time="38.555"/>
  <system-out/>
  <testcase classname="lambdaTestAssignment_Final.ParallelExecution.ChromeAndSafari" name="testScenario1" time="32.728"/>
  <system-out/>
  <testcase classname="lambdaTestAssignment_Final.ParallelExecution.ChromeAndSafari" name="testScenario3" time="59.724"/>
  <system-out/>
</testsuite> <!-- lambdaTestAssignment_Final.ParallelExecution.ChromeAndSafari -->
